Using pre-set license
Built from '2021.1/release' branch; Version is '2021.1.0f1 (61a549675243) revision 6399305'; Using compiler version '192528614'; Build Type 'Release'
OS: 'Windows 10 Pro; OS build 19041.1052; Version 2004; 64bit' Language: 'es' Physical Memory: 16254 MB
BatchMode: 1, IsHumanControllingUs: 0, StartBugReporterOnCrash: 0, Is64bit: 1, IsPro: 0

 COMMAND LINE ARGUMENTS:
C:\Program Files\Unity\Hub\Editor\2021.1.0f1\Editor\Unity.exe
-adb2
-batchMode
-noUpm
-name
AssetImportWorker0
-projectPath
D:/PruebasUnity/Aventura_Veraniega/Aventura_Veraniega
-logFile
Logs/AssetImportWorker0.log
-srvPort
50877
Successfully changed project path to: D:/PruebasUnity/Aventura_Veraniega/Aventura_Veraniega
D:/PruebasUnity/Aventura_Veraniega/Aventura_Veraniega
Using Asset Import Pipeline V2.
Refreshing native plugins compatible for Editor in 77.25 ms, found 0 plugins.
Preloading 0 native plugins for Editor in 0.00 ms.
Initialize engine version: 2021.1.0f1 (61a549675243)
[Subsystems] Discovering subsystems at path C:/Program Files/Unity/Hub/Editor/2021.1.0f1/Editor/Data/Resources/UnitySubsystems
[Subsystems] Discovering subsystems at path D:/PruebasUnity/Aventura_Veraniega/Aventura_Veraniega/Assets
GfxDevice: creating device client; threaded=0; jobified=0
Direct3D:
    Version:  Direct3D 11.0 [level 11.1]
    Renderer: NVIDIA GeForce GTX 1080 Ti (ID=0x1b06)
    Vendor:   NVIDIA
    VRAM:     11127 MB
    Driver:   27.21.14.5671
Shader 'Universal Render Pipeline/Particles/Lit': fallback shader 'Universal Render Pipeline/Particles/SimpleLit' not found
Initialize mono
Mono path[0] = 'C:/Program Files/Unity/Hub/Editor/2021.1.0f1/Editor/Data/Managed'
Mono path[1] = 'C:/Program Files/Unity/Hub/Editor/2021.1.0f1/Editor/Data/MonoBleedingEdge/lib/mono/unityjit'
Mono config path = 'C:/Program Files/Unity/Hub/Editor/2021.1.0f1/Editor/Data/MonoBleedingEdge/etc'
Using monoOptions --debugger-agent=transport=dt_socket,embedding=1,server=y,suspend=n,address=127.0.0.1:56036
Begin MonoManager ReloadAssembly
Registering precompiled unity dll's ...
Register platform support module: C:/Program Files/Unity/Hub/Editor/2021.1.0f1/Editor/Data/PlaybackEngines/WindowsStandaloneSupport/UnityEditor.WindowsStandalone.Extensions.dll
Registered in 0.002032 seconds.
Native extension for WindowsStandalone target not found
Refreshing native plugins compatible for Editor in 70.13 ms, found 0 plugins.
Preloading 0 native plugins for Editor in 0.00 ms.
Mono: successfully reloaded assembly
- Completed reload, in  1.720 seconds
Platform modules already initialized, skipping
Registering precompiled user dll's ...
Registered in 0.000948 seconds.
Begin MonoManager ReloadAssembly
Native extension for WindowsStandalone target not found
Refreshing native plugins compatible for Editor in 72.89 ms, found 0 plugins.
Preloading 0 native plugins for Editor in 0.00 ms.
Mono: successfully reloaded assembly
- Completed reload, in  1.032 seconds
Platform modules already initialized, skipping
========================================================================
Worker process is ready to serve import requests
Shader 'Universal Render Pipeline/Particles/Lit': fallback shader 'Universal Render Pipeline/Particles/SimpleLit' not found
Launched and connected shader compiler UnityShaderCompiler.exe after 0.03 seconds
Refreshing native plugins compatible for Editor in 0.84 ms, found 0 plugins.
Preloading 0 native plugins for Editor in 0.00 ms.
Unloading 2767 Unused Serialized files (Serialized files now loaded: 0)
System memory in use before: 133.1 MB.
System memory in use after: 133.3 MB.

Unloading 11 unused Assets to reduce memory usage. Loaded Objects now: 3234.
Total: 2.479700 ms (FindLiveObjects: 0.217700 ms CreateObjectMapping: 0.105600 ms MarkObjects: 2.085800 ms  DeleteObjects: 0.069900 ms)

========================================================================
Received Import Request.
  path: Assets/MixamoFBXS/Enemies/Mixamo_POLYGON_Guy_Naked@Standing Walk Left.fbx
  artifactKey: Guid(d7eadc0e16061a041b2eca3e280f84cc) Importer(815301076,1909f56bfc062723c751e8b465ee728b)
Start importing Assets/MixamoFBXS/Enemies/Mixamo_POLYGON_Guy_Naked@Standing Walk Left.fbx using Guid(d7eadc0e16061a041b2eca3e280f84cc) Importer(815301076,1909f56bfc062723c751e8b465ee728b)  -> (artifact id: '60e62052d5a1c597804d8a64ab230b5b') in 0.287872 seconds 
========================================================================
Received Import Request.
  Time since last request: 24.787335 seconds.
  path: Assets/MixamoFBXS/Enemies/Mixamo_POLYGON_Guy_Naked@Standing Walk Left.fbx
  artifactKey: Guid(d7eadc0e16061a041b2eca3e280f84cc) Importer(815301076,1909f56bfc062723c751e8b465ee728b)
Start importing Assets/MixamoFBXS/Enemies/Mixamo_POLYGON_Guy_Naked@Standing Walk Left.fbx using Guid(d7eadc0e16061a041b2eca3e280f84cc) Importer(815301076,1909f56bfc062723c751e8b465ee728b)  -> (artifact id: 'df9b2ad3bba4099dcc9e6f1476cf138d') in 0.037201 seconds 
========================================================================
Received Import Request.
  Time since last request: 15.636254 seconds.
  path: Assets/MixamoFBXS/Enemies/Mixamo_POLYGON_Guy_Naked@Standing Walk Left.fbx
  artifactKey: Guid(d7eadc0e16061a041b2eca3e280f84cc) Importer(815301076,1909f56bfc062723c751e8b465ee728b)
Start importing Assets/MixamoFBXS/Enemies/Mixamo_POLYGON_Guy_Naked@Standing Walk Left.fbx using Guid(d7eadc0e16061a041b2eca3e280f84cc) Importer(815301076,1909f56bfc062723c751e8b465ee728b)  -> (artifact id: '6f235434b54b28d648d9ca2dfc7f6250') in 0.033098 seconds 
========================================================================
Received Import Request.
  Time since last request: 176.797788 seconds.
  path: Assets/MixamoFBXS/Enemies/Mixamo_POLYGON_Guy_Naked@Standing Walk Left.fbx
  artifactKey: Guid(d7eadc0e16061a041b2eca3e280f84cc) Importer(815301076,1909f56bfc062723c751e8b465ee728b)
Start importing Assets/MixamoFBXS/Enemies/Mixamo_POLYGON_Guy_Naked@Standing Walk Left.fbx using Guid(d7eadc0e16061a041b2eca3e280f84cc) Importer(815301076,1909f56bfc062723c751e8b465ee728b)  -> (artifact id: 'ff9e4bc1250cc85ba643313be4995b73') in 0.038696 seconds 
========================================================================
Received Import Request.
  Time since last request: 50.499131 seconds.
  path: Assets/MixamoFBXS/Enemies/Mixamo_POLYGON_Guy_Naked@Standing Walk Left.fbx
  artifactKey: Guid(d7eadc0e16061a041b2eca3e280f84cc) Importer(815301076,1909f56bfc062723c751e8b465ee728b)
Start importing Assets/MixamoFBXS/Enemies/Mixamo_POLYGON_Guy_Naked@Standing Walk Left.fbx using Guid(d7eadc0e16061a041b2eca3e280f84cc) Importer(815301076,1909f56bfc062723c751e8b465ee728b)  -> (artifact id: '94e94f08bf38639cf1941ae2c3205948') in 0.024855 seconds 
========================================================================
Received Prepare
Registering precompiled user dll's ...
Registered in 0.001110 seconds.
Begin MonoManager ReloadAssembly
Native extension for WindowsStandalone target not found
Refreshing native plugins compatible for Editor in 0.82 ms, found 0 plugins.
Preloading 0 native plugins for Editor in 0.00 ms.
Mono: successfully reloaded assembly
- Completed reload, in  0.890 seconds
Platform modules already initialized, skipping
Shader 'Universal Render Pipeline/Particles/Lit': fallback shader 'Universal Render Pipeline/Particles/SimpleLit' not found
Refreshing native plugins compatible for Editor in 0.88 ms, found 0 plugins.
Preloading 0 native plugins for Editor in 0.00 ms.
Unloading 2644 Unused Serialized files (Serialized files now loaded: 0)
System memory in use before: 146.3 MB.
System memory in use after: 146.5 MB.

Unloading 4 unused Assets to reduce memory usage. Loaded Objects now: 3319.
Total: 2.703900 ms (FindLiveObjects: 0.259000 ms CreateObjectMapping: 0.114800 ms MarkObjects: 2.279100 ms  DeleteObjects: 0.049500 ms)

========================================================================
Received Import Request.
  Time since last request: 518.148481 seconds.
  path: Assets/Scripts/Prueba.cs
  artifactKey: Guid(a9760cfe3fe0edb4ab32798bae9ac31d) Importer(815301076,1909f56bfc062723c751e8b465ee728b)
Start importing Assets/Scripts/Prueba.cs using Guid(a9760cfe3fe0edb4ab32798bae9ac31d) Importer(815301076,1909f56bfc062723c751e8b465ee728b)  -> (artifact id: '6e73db06913d9c58ba656b862e55631f') in 0.017288 seconds 
========================================================================
Received Prepare
Registering precompiled user dll's ...
Registered in 0.001062 seconds.
Begin MonoManager ReloadAssembly
Native extension for WindowsStandalone target not found
Refreshing native plugins compatible for Editor in 0.85 ms, found 0 plugins.
Preloading 0 native plugins for Editor in 0.00 ms.
Mono: successfully reloaded assembly
- Completed reload, in  0.902 seconds
Platform modules already initialized, skipping
Shader 'Universal Render Pipeline/Particles/Lit': fallback shader 'Universal Render Pipeline/Particles/SimpleLit' not found
Refreshing native plugins compatible for Editor in 0.88 ms, found 0 plugins.
Preloading 0 native plugins for Editor in 0.00 ms.
Unloading 2645 Unused Serialized files (Serialized files now loaded: 0)
System memory in use before: 146.3 MB.
System memory in use after: 146.5 MB.

Unloading 4 unused Assets to reduce memory usage. Loaded Objects now: 3323.
Total: 3.325100 ms (FindLiveObjects: 0.335000 ms CreateObjectMapping: 0.274400 ms MarkObjects: 2.686800 ms  DeleteObjects: 0.028100 ms)

========================================================================
Received Prepare
Registering precompiled user dll's ...
Registered in 0.001106 seconds.
Begin MonoManager ReloadAssembly
Native extension for WindowsStandalone target not found
Refreshing native plugins compatible for Editor in 0.82 ms, found 0 plugins.
Preloading 0 native plugins for Editor in 0.00 ms.
Mono: successfully reloaded assembly
- Completed reload, in  0.882 seconds
Platform modules already initialized, skipping
Shader 'Universal Render Pipeline/Particles/Lit': fallback shader 'Universal Render Pipeline/Particles/SimpleLit' not found
Refreshing native plugins compatible for Editor in 0.92 ms, found 0 plugins.
Preloading 0 native plugins for Editor in 0.00 ms.
Unloading 2645 Unused Serialized files (Serialized files now loaded: 0)
System memory in use before: 146.3 MB.
System memory in use after: 146.5 MB.

Unloading 4 unused Assets to reduce memory usage. Loaded Objects now: 3326.
Total: 3.022500 ms (FindLiveObjects: 0.284300 ms CreateObjectMapping: 0.113600 ms MarkObjects: 2.606500 ms  DeleteObjects: 0.017000 ms)

AssetImportWorkerClient::OnTransportError - code=2 error=End of file
